The symptom: "anxiety" appears 5 times.
The symptom: "arrhythmias" appears 3 times.
The symptom: "blindness" appears 1 times.
The symptom: "blurred vision" appears 5 times.
The symptom: "constricted pupils" appears 3 times.
The symptom: "cough" appears 6 times.
The symptom: "dialated pupils" appears 4 times.
The symptom: "dizziness" appears 5 times.
The symptom: "dry mouth" appears 8 times.
The symptom: "fever" appears 7 times.
The symptom: "headache" appears 3 times.
The symptom: "high blood pressure" appears 10 times.
The symptom: "inflamation" appears 7 times.
The symptom: "insomnia" appears 4 times.
The symptom: "low blood pressure" appears 4 times.
The symptom: "nausea" appears 5 times.
The symptom: "rapid heart rate" appears 1 times.
The symptom: "rash" appears 4 times.
The symptom: "shortness of breath" appears 3 times.
The symptom: "stiff neck" appears 4 times.
The symptom: "stomach pain" appears 3 times.
The symptom: "tremor" appears 4 times.
The symptom: "water retention" appears 1 times.
